android/capacitor-cordova-android-plugins/build/outputs/logs/manifest-merger-debug-report.txt
-- Merging decision tree log ---
manifest
ADDED from src\main\AndroidManifest.xml:2:1-13:12
INJECTED from src\main\AndroidManifest.xml:2:1-13:12
INJECTED from src\main\AndroidManifest.xml:2:1-13:12
INJECTED from src\main\AndroidManifest.xml:2:1-13:12
INJECTED from src\main\AndroidManifest.xml:2:1-13:12
INJECTED from src\main\AndroidManifest.xml:2:1-13:12
INJECTED from src\main\AndroidManifest.xml:2:1-13:12
	xmlns:amazon
		ADDED from src\main\AndroidManifest.xml:4:1-57
	package
		ADDED from src\main\AndroidManifest.xml:2:11-46
		INJECTED from src\main\AndroidManifest.xml
		INJECTED from src\main\AndroidManifest.xml
	android:versionName
		INJECTED from src\main\AndroidManifest.xml
		ADDED from src\main\AndroidManifest.xml:2:1-13:12
		INJECTED from src\main\AndroidManifest.xml
	android:versionCode
		INJECTED from src\main\AndroidManifest.xml
		ADDED from src\main\AndroidManifest.xml:2:1-13:12
		INJECTED from src\main\AndroidManifest.xml
	xmlns:android
		ADDED from src\main\AndroidManifest.xml:3:1-59
application
ADDED from src\main\AndroidManifest.xml:5:1-9:15
provider#de.appplant.cordova.emailcomposer.Provider
ADDED from src\main\AndroidManifest.xml:6:1-8:12
	android:grantUriPermissions
		ADDED from src\main\AndroidManifest.xml:6:156-190
	android:authorities
		ADDED from src\main\AndroidManifest.xml:6:69-130
	android:exported
		ADDED from src\main\AndroidManifest.xml:6:131-155
	android:name
		ADDED from src\main\AndroidManifest.xml:6:11-68
meta-data#android.support.FILE_PROVIDER_PATHS
ADDED from src\main\AndroidManifest.xml:7:3-119
	android:resource
		ADDED from src\main\AndroidManifest.xml:7:65-117
	android:name
		ADDED from src\main\AndroidManifest.xml:7:14-64
uses-permission#android.permission.ACCESS_COARSE_LOCATION
ADDED from src\main\AndroidManifest.xml:10:1-76
	android:name
		ADDED from src\main\AndroidManifest.xml:10:18-74
uses-permission#android.permission.ACCESS_FINE_LOCATION
ADDED from src\main\AndroidManifest.xml:11:1-74
	android:name
		ADDED from src\main\AndroidManifest.xml:11:18-72
uses-feature#android.hardware.location.gps
ADDED from src\main\AndroidManifest.xml:12:1-61
	android:name
		ADDED from src\main\AndroidManifest.xml:12:15-59
uses-sdk
INJECTED from src\main\AndroidManifest.xml reason: use-sdk injection requested
INJECTED from src\main\AndroidManifest.xml
INJECTED from src\main\AndroidManifest.xml
INJECTED from src\main\AndroidManifest.xml
INJECTED from src\main\AndroidManifest.xml
	android:targetSdkVersion
		INJECTED from src\main\AndroidManifest.xml
		ADDED from src\main\AndroidManifest.xml
		INJECTED from src\main\AndroidManifest.xml
	android:minSdkVersion
		INJECTED from src\main\AndroidManifest.xml
		ADDED from src\main\AndroidManifest.xml
		INJECTED from src\main\AndroidManifest.xml